app/build/outputs/mapping/release/seeds.txt
com.please.caretonboarding.MainActivity
com.please.caretonboarding.MainActivity: MainActivity()
...
com.google.android.material.floatingactionbutton.FloatingActionButton: void setBackgroundDrawable(android.graphics.drawable.Drawable)
com.google.android.material.card.MaterialCardView: void setStrokeColor(android.content.res.ColorStateList)
androidx.lifecycle.EmptyActivityLifecycleCallbacks: void onActivityStopped(android.app.Activity)
com.google.android.material.button.MaterialButton: void setIconTint(android.content.res.ColorStateList)
androidx.appcompat.widget.AppCompatToggleButton: android.content.res.ColorStateList getSupportBackgroundTintList()
androidx.core.view.DisplayCutoutCompat$Api28Impl: android.view.DisplayCutout createDisplayCutout(android.graphics.Rect,java.util.List)
androidx.appcompat.widget.AppCompatButton: android.content.res.ColorStateList getSupportCompoundDrawablesTintList()
androidx.appcompat.widget.Toolbar: java.lang.CharSequence getLogoDescription()
androidx.appcompat.widget.AppCompatRadioButton: void setSupportButtonTintMode(android.graphics.PorterDuff$Mode)
androidx.appcompat.widget.ActionMenuView: void setOverflowIcon(android.graphics.drawable.Drawable)
androidx.cardview.widget.CardView: boolean getPreventCornerOverlap()
androidx.appcompat.widget.LinearLayoutCompat: LinearLayoutCompat(android.content.Context)
com.google.android.material.appbar.AppBarLayout: void setElevation(float)
androidx.appcompat.widget.AppCompatCheckedTextView: void setSupportCheckMarkTintMode(android.graphics.PorterDuff$Mode)
androidx.appcompat.view.menu.ActionMenuItemView: void setChecked(boolean)
com.google.android.material.textfield.TextInputLayout: void setBoxStrokeColorStateList(android.content.res.ColorStateList)
androidx.core.widget.TextViewCompat$Api17Impl: void setCompoundDrawablesRelative(android.widget.TextView,android.graphics.drawable.Drawable,android.graphics.drawable.Drawable,android.graphics.drawable.Drawable,android.graphics.drawable.Drawable)
androidx.appcompat.widget.AppCompatTextHelper$Api21Impl: java.util.Locale forLanguageTag(java.lang.String)
androidx.recyclerview.widget.RecyclerView: void setAdapter(androidx.recyclerview.widget.RecyclerView$Adapter)
androidx.constraintlayout.motion.widget.MotionLayout: void setInteractionEnabled(boolean)
androidx.fragment.app.FragmentContainerView: void setOnApplyWindowInsetsListener(android.view.View$OnApplyWindowInsetsListener)
com.google.android.material.floatingactionbutton.ExtendedFloatingActionButton: com.google.android.material.animation.MotionSpec getExtendMotionSpec()
com.google.android.material.button.MaterialButton: void setRippleColorResource(int)
com.google.android.material.textfield.TextInputLayout: void setPrefixTextColor(android.content.res.ColorStateList)
androidx.core.view.WindowInsetsCompat$BuilderImpl: void setTappableElementInsets(androidx.core.graphics.Insets)
com.google.android.material.textfield.MaterialAutoCompleteTextView: android.content.res.ColorStateList getSimpleItemSelectedRippleColor()
android.support.v4.graphics.drawable.IconCompatParcelizer: androidx.core.graphics.drawable.IconCompat read(androidx.versionedparcelable.VersionedParcel)
com.google.android.material.floatingactionbutton.ExtendedFloatingActionButton: void setShrinkMotionSpecResource(int)
androidx.appcompat.widget.AppCompatCheckBox: android.content.res.ColorStateList getSupportBackgroundTintList()
com.google.android.material.card.MaterialCardView: void setRadius(float)
androidx.appcompat.widget.AppCompatButton: int getAutoSizeTextType()
androidx.vectordrawable.graphics.drawable.VectorDrawableCompat$VGroup: float getTranslateX()
com.google.android.material.button.MaterialButton: void setStrokeWidthResource(int)
androidx.appcompat.widget.Toolbar: android.view.Menu getMenu()
com.google.android.material.chip.Chip: float getChipEndPadding()
androidx.appcompat.widget.AppCompatMultiAutoCompleteTextView: android.content.res.ColorStateList getSupportCompoundDrawablesTintList()
androidx.constraintlayout.motion.widget.MotionLayout: int getEndState()