app/build/outputs/mapping/release/mapping.txt
# compiler: R8
# compiler_version: 3.1.66
# min_api: 26
# pg_map_id: 436f975
# common_typos_disable
# {"id":"com.android.tools.r8.mapping","version":"1.0"}
com.please.caretonboarding.BasicViewSlider -> g2.a:
    android.graphics.drawable.Drawable[] imageDrawables -> c
    1:1:android.graphics.drawable.Drawable androidx.core.content.ContextCompat.getDrawable(android.content.Context,int):0:0 -> <init>
    1:1:void <init>(android.content.Context):0 -> <init>
    2:2:void <init>(android.content.Context):0:0 -> <init>
    int getCount() -> c
com.please.caretonboarding.BasicViewSlider$SliderAdapterVH -> g2.a$a:
    androidx.appcompat.widget.AppCompatImageView picImageView -> b
com.please.caretonboarding.MainActivity -> com.please.caretonboarding.MainActivity:
    1:1:int androidx.core.content.ContextCompat.getColor(android.content.Context,int):0:0 -> onCreate
    1:1:void onCreate(android.os.Bundle):0 -> onCreate
    2:2:void onCreate(android.os.Bundle):0:0 -> onCreate
    3:3:void com.google.android.material.tabs.TabLayout.setupWithViewPager(androidx.viewpager.widget.ViewPager,boolean):0:0 -> onCreate
    3:3:void onCreate(android.os.Bundle):0 -> onCreate
com.please.caretonboarding.cardAdapter -> g2.e:
    android.view.View[] viewList -> c
    android.content.Context context -> b
    java.lang.String key -> d
    void destroyItem(android.view.ViewGroup,int,java.lang.Object) -> a
    int getCount() -> c
    java.lang.CharSequence getPageTitle(int) -> e
    1:1:void com.smarteist.autoimageslider.SliderView.startAutoCycle():0:0 -> g
    1:1:java.lang.Object instantiateItem(android.view.ViewGroup,int):0 -> g
    2:2:java.lang.Object instantiateItem(android.view.ViewGroup,int):0:0 -> g
    boolean isViewFromObject(android.view.View,java.lang.Object) -> h
...
androidx.fragment.app.DefaultSpecialEffectsController$5 -> androidx.fragment.app.g:
    android.view.ViewGroup val$container -> b
    androidx.fragment.app.DefaultSpecialEffectsController$AnimationInfo val$animationInfo -> c
    android.view.View val$viewToAnimate -> a
    void onCancel() -> a
androidx.fragment.app.DefaultSpecialEffectsController$6 -> androidx.fragment.app.h:
    androidx.fragment.app.SpecialEffectsController$Operation val$firstOut -> d
    androidx.fragment.app.SpecialEffectsController$Operation val$lastIn -> c
    boolean val$isPop -> e
    androidx.collection.ArrayMap val$lastInViews -> f
    1:1:androidx.fragment.app.Fragment androidx.fragment.app.SpecialEffectsController$Operation.getFragment():0:0 -> run
    1:1:void run():0 -> run
    2:2:void run():0:0 -> run
    3:3:androidx.fragment.app.Fragment androidx.fragment.app.SpecialEffectsController$Operation.getFragment():0:0 -> run
    3:3:void run():0 -> run
    4:4:void run():0:0 -> run
androidx.fragment.app.DefaultSpecialEffectsController$7 -> androidx.fragment.app.i:
    androidx.fragment.app.FragmentTransitionImpl val$impl -> c
    android.graphics.Rect val$lastInEpicenterRect -> e
    android.view.View val$lastInEpicenterView -> d
androidx.fragment.app.DefaultSpecialEffectsController$8 -> androidx.fragment.app.j:
    java.util.ArrayList val$transitioningViews -> c
androidx.fragment.app.DefaultSpecialEffectsController$9 -> androidx.fragment.app.k:
    androidx.fragment.app.DefaultSpecialEffectsController$TransitionInfo val$transitionInfo -> c
androidx.fragment.app.DefaultSpecialEffectsController$AnimationInfo -> androidx.fragment.app.c$b:
    androidx.fragment.app.FragmentAnim$AnimationOrAnimator mAnimation -> e
    boolean mIsPop -> c
    boolean mLoadedAnim -> d
    1:1:androidx.fragment.app.SpecialEffectsController$Operation androidx.fragment.app.DefaultSpecialEffectsController$SpecialEffectsInfo.getOperation():0:0 -> c
    1:1:androidx.fragment.app.FragmentAnim$AnimationOrAnimator getAnimation(android.content.Context):0 -> c
    2:2:androidx.fragment.app.Fragment androidx.fragment.app.SpecialEffectsController$Operation.getFragment():0:0 -> c
    2:2:androidx.fragment.app.FragmentAnim$AnimationOrAnimator getAnimation(android.content.Context):0 -> c
    3:3:androidx.fragment.app.SpecialEffectsController$Operation$State androidx.fragment.app.SpecialEffectsController$Operation.getFinalState():0:0 -> c
    3:3:androidx.fragment.app.FragmentAnim$AnimationOrAnimator getAnimation(android.content.Context):0 -> c
    4:4:androidx.fragment.app.FragmentAnim$AnimationOrAnimator getAnimation(android.content.Context):0:0 -> c
androidx.fragment.app.DefaultSpecialEffectsController$SpecialEffectsInfo -> androidx.fragment.app.c$c:
    androidx.core.os.CancellationSignal mSignal -> b
    androidx.fragment.app.SpecialEffectsController$Operation mOperation -> a
    1:1:void androidx.fragment.app.SpecialEffectsController$Operation.completeSpecialEffect(androidx.core.os.CancellationSignal):0:0 -> a
    1:1:void completeSpecialEffect():0 -> a
    1:1:androidx.fragment.app.Fragment androidx.fragment.app.SpecialEffectsController$Operation.getFragment():0:0 -> b
    1:1:boolean isVisibilityUnchanged():0 -> b
    2:2:boolean isVisibilityUnchanged():0:0 -> b
    3:3:androidx.fragment.app.SpecialEffectsController$Operation$State androidx.fragment.app.SpecialEffectsController$Operation.getFinalState():0:0 -> b
    3:3:boolean isVisibilityUnchanged():0 -> b