app/build/outputs/mapping/release/usage.txt
com.please.caretonboarding.BuildConfig
com.please.caretonboarding.R$array
com.please.caretonboarding.R$color
com.please.caretonboarding.R$drawable
com.please.caretonboarding.R$font
com.please.caretonboarding.R$id
com.please.caretonboarding.R$layout
com.please.caretonboarding.R$mipmap
com.please.caretonboarding.R$string
com.please.caretonboarding.R$style
com.please.caretonboarding.R
com.please.caretonboarding.getFragment
com.please.caretonboarding.BasicViewSlider:
    public final android.content.Context context
    public void onBindViewHolder(com.please.caretonboarding.BasicViewSlider$SliderAdapterVH,int)
    public void onBindViewHolder(com.smarteist.autoimageslider.SliderViewAdapter$ViewHolder,int)
    public com.please.caretonboarding.BasicViewSlider$SliderAdapterVH onCreateViewHolder(android.view.ViewGroup)
    public com.smarteist.autoimageslider.SliderViewAdapter$ViewHolder onCreateViewHolder(android.view.ViewGroup)
com.please.caretonboarding.cardAdapter$$InternalSyntheticLambda$0$fac2aba34749ef7bab4a1ad150e29b4c1a807651ff9f8d3d00cbfd5bc3b4abcc$1:
    private final void onClick$com$please$caretonboarding$cardAdapter$$InternalSyntheticLambda$0$fac2aba34749ef7bab4a1ad150e29b4c1a807651ff9f8d3d00cbfd5bc3b4abcc$1(android.view.View)
    private final void onClick$com$please$caretonboarding$cardAdapter$$InternalSyntheticLambda$0$fac2aba34749ef7bab4a1ad150e29b4c1a807651ff9f8d3d00cbfd5bc3b4abcc$3(android.view.View)
com.please.caretonboarding.cardAdapter$$InternalSyntheticLambda$0$fac2aba34749ef7bab4a1ad150e29b4c1a807651ff9f8d3d00cbfd5bc3b4abcc$2:
    private final void onClick$com$google$android$material$textfield$ClearTextEndIconDelegate$$InternalSyntheticLambda$1$1eaa163fa177241de4ddee610841b75686cd22ead7a5fe4aa05af70daf04fdc9$0(android.view.View)
    private final void onClick$com$please$caretonboarding$cardAdapter$$InternalSyntheticLambda$0$fac2aba34749ef7bab4a1ad150e29b4c1a807651ff9f8d3d00cbfd5bc3b4abcc$2(android.view.View)
    private final void onClick$com$please$caretonboarding$cardAdapter$$InternalSyntheticLambda$0$fac2aba34749ef7bab4a1ad150e29b4c1a807651ff9f8d3d00cbfd5bc3b4abcc$4(android.view.View)
com.please.caretonboarding.cardAdapter$$InternalSyntheticLambda$0$fac2aba34749ef7bab4a1ad150e29b4c1a807651ff9f8d3d00cbfd5bc3b4abcc$3
com.please.caretonboarding.cardAdapter$$InternalSyntheticLambda$0$fac2aba34749ef7bab4a1ad150e29b4c1a807651ff9f8d3d00cbfd5bc3b4abcc$4
com.please.caretonboarding.cardAdapter:
    public static synthetic void $r8$lambda$G5bo9OgaLKjl6aMEW7bYUwIhPg8(com.please.caretonboarding.cardAdapter,android.view.View)
    public static synthetic void $r8$lambda$Sd3FsQXthpJpy0pAcZgjOPan4P0(com.please.caretonboarding.cardAdapter,android.view.View)
    public static synthetic void $r8$lambda$d9-UoBpnvElnXv9XI7nkJb5-cVQ(com.please.caretonboarding.cardAdapter,android.view.View)
    public static synthetic void $r8$lambda$fbYbUv0XKIpHxdCPWFPNelgfJD0(com.please.caretonboarding.cardAdapter,android.view.View)
    public static synthetic void $r8$lambda$qBTY9XE0o7huUGBqW6t5YGFMGfA(com.please.caretonboarding.cardAdapter,android.widget.EditText,android.view.View)
    private synthetic void lambda$instantiateItem$0(android.widget.EditText)
    private synthetic void lambda$instantiateItem$1()
    private synthetic void lambda$instantiateItem$2()
    private synthetic void lambda$instantiateItem$3()
    private synthetic void lambda$instantiateItem$4()
...
kotlinx.coroutines.flow.FlowKt__MigrationKt
kotlinx.coroutines.flow.FlowKt__ReduceKt$first$$inlined$collectWhile$1
kotlinx.coroutines.flow.FlowKt__ReduceKt$first$$inlined$collectWhile$2$1
kotlinx.coroutines.flow.FlowKt__ReduceKt$first$$inlined$collectWhile$2
kotlinx.coroutines.flow.FlowKt__ReduceKt$first$1
kotlinx.coroutines.flow.FlowKt__ReduceKt$first$3
kotlinx.coroutines.flow.FlowKt__ReduceKt$firstOrNull$$inlined$collectWhile$1
kotlinx.coroutines.flow.FlowKt__ReduceKt$firstOrNull$$inlined$collectWhile$2$1
kotlinx.coroutines.flow.FlowKt__ReduceKt$firstOrNull$$inlined$collectWhile$2
kotlinx.coroutines.flow.FlowKt__ReduceKt$firstOrNull$1
kotlinx.coroutines.flow.FlowKt__ReduceKt$firstOrNull$3
kotlinx.coroutines.flow.FlowKt__ReduceKt$fold$1
kotlinx.coroutines.flow.FlowKt__ReduceKt$fold$2$emit$1
kotlinx.coroutines.flow.FlowKt__ReduceKt$fold$2
kotlinx.coroutines.flow.FlowKt__ReduceKt$last$1
kotlinx.coroutines.flow.FlowKt__ReduceKt$last$2
kotlinx.coroutines.flow.FlowKt__ReduceKt$lastOrNull$1
kotlinx.coroutines.flow.FlowKt__ReduceKt$lastOrNull$2
kotlinx.coroutines.flow.FlowKt__ReduceKt$reduce$1
kotlinx.coroutines.flow.FlowKt__ReduceKt$reduce$2$emit$1
kotlinx.coroutines.flow.FlowKt__ReduceKt$reduce$2
kotlinx.coroutines.flow.FlowKt__ReduceKt$single$1
kotlinx.coroutines.flow.FlowKt__ReduceKt$single$2
kotlinx.coroutines.flow.FlowKt__ReduceKt$singleOrNull$$inlined$collectWhile$1
kotlinx.coroutines.flow.FlowKt__ReduceKt$singleOrNull$1
kotlinx.coroutines.flow.FlowKt__ReduceKt
kotlinx.coroutines.flow.FlowKt__ShareKt$launchSharing$1$1
kotlinx.coroutines.flow.FlowKt__ShareKt$launchSharing$1$2$WhenMappings
kotlinx.coroutines.flow.FlowKt__ShareKt$launchSharing$1$2
kotlinx.coroutines.flow.FlowKt__ShareKt$launchSharing$1
kotlinx.coroutines.flow.FlowKt__ShareKt$launchSharingDeferred$1$1
kotlinx.coroutines.flow.FlowKt__ShareKt$launchSharingDeferred$1
kotlinx.coroutines.flow.FlowKt__ShareKt
kotlinx.coroutines.flow.FlowKt__TransformKt$filter$$inlined$unsafeTransform$1$1
kotlinx.coroutines.flow.FlowKt__TransformKt$filter$$inlined$unsafeTransform$1$2$1
kotlinx.coroutines.flow.FlowKt__TransformKt$filter$$inlined$unsafeTransform$1$2
kotlinx.coroutines.flow.FlowKt__TransformKt$filter$$inlined$unsafeTransform$1
kotlinx.coroutines.flow.FlowKt__TransformKt$filterIsInstance$$inlined$filter$1$1
kotlinx.coroutines.flow.FlowKt__TransformKt$filterIsInstance$$inlined$filter$1$2$1
kotlinx.coroutines.flow.FlowKt__TransformKt$filterIsInstance$$inlined$filter$1$2
kotlinx.coroutines.flow.FlowKt__TransformKt$filterIsInstance$$inlined$filter$1
kotlinx.coroutines.flow.FlowKt__TransformKt$filterNot$$inlined$unsafeTransform$1$1
kotlinx.coroutines.flow.FlowKt__TransformKt$filterNot$$inlined$unsafeTransform$1$2$1
kotlinx.coroutines.flow.FlowKt__TransformKt$filterNot$$inlined$unsafeTransform$1$2
kotlinx.coroutines.flow.FlowKt__TransformKt$filterNot$$inlined$unsafeTransform$1
kotlinx.coroutines.flow.FlowKt__TransformKt$filterNotNull$$inlined$unsafeTransform$1$2$1
kotlinx.coroutines.flow.FlowKt__TransformKt$filterNotNull$$inlined$unsafeTransform$1$2
kotlinx.coroutines.flow.FlowKt__TransformKt$filterNotNull$$inlined$unsafeTransform$1
kotlinx.coroutines.flow.FlowKt__TransformKt$map$$inlined$unsafeTransform$1$1
kotlinx.coroutines.flow.FlowKt__TransformKt$map$$inlined$unsafeTransform$1$2$1
kotlinx.coroutines.flow.FlowKt__TransformKt$map$$inlined$unsafeTransform$1$2
kotlinx.coroutines.flow.FlowKt__TransformKt$map$$inlined$unsafeTransform$1
kotlinx.coroutines.flow.FlowKt__TransformKt$mapNotNull$$inlined$unsafeTransform$1$1
kotlinx.coroutines.flow.FlowKt__TransformKt$mapNotNull$$inlined$unsafeTransform$1$2$1
kotlinx.coroutines.flow.FlowKt__TransformKt$mapNotNull$$inlined$unsafeTransform$1$2
kotlinx.coroutines.flow.FlowKt__TransformKt$mapNotNull$$inlined$unsafeTransform$1
kotlinx.coroutines.flow.FlowKt__TransformKt$onEach$$inlined$unsafeTransform$1$2$1
kotlinx.coroutines.flow.FlowKt__TransformKt$onEach$$inlined$unsafeTransform$1$2